e:\vsroot\flamingo-master\flamingo-master\flamingoclient\catchscreen\debug\catchscreen.pch
e:\vsroot\flamingo-master\flamingo-master\flamingoclient\catchscreen\debug\vc142.pdb
e:\vsroot\flamingo-master\flamingo-master\flamingoclient\catchscreen\debug\stdafx.obj
e:\vsroot\flamingo-master\flamingo-master\flamingoclient\catchscreen\debug\trackerex.obj
e:\vsroot\flamingo-master\flamingo-master\flamingoclient\catchscreen\debug\editex.obj
e:\vsroot\flamingo-master\flamingo-master\flamingoclient\catchscreen\debug\catchscreendlg.obj
e:\vsroot\flamingo-master\flamingo-master\flamingoclient\catchscreen\debug\catchscreen.obj
e:\vsroot\flamingo-master\flamingo-master\flamingoclient\bin\catchscreen.ilk
e:\vsroot\flamingo-master\flamingo-master\flamingoclient\bin\catchscreen.exe
e:\vsroot\flamingo-master\flamingo-master\flamingoclient\bin\catchscreen.pdb
e:\vsroot\flamingo-master\flamingo-master\flamingoclient\catchscreen\debug\catchscreen.res
e:\vsroot\flamingo-master\flamingo-master\flamingoclient\catchscreen\..\bin\catchscreen.exe
e:\vsroot\flamingo-master\flamingo-master\flamingoclient\catchscreen\debug\catchscreen.tlog\cl.command.1.tlog
e:\vsroot\flamingo-master\flamingo-master\flamingoclient\catchscreen\debug\catchscreen.tlog\cl.read.1.tlog
e:\vsroot\flamingo-master\flamingo-master\flamingoclient\catchscreen\debug\catchscreen.tlog\cl.write.1.tlog
e:\vsroot\flamingo-master\flamingo-master\flamingoclient\catchscreen\debug\catchscreen.tlog\link.command.1.tlog
e:\vsroot\flamingo-master\flamingo-master\flamingoclient\catchscreen\debug\catchscreen.tlog\link.read.1.tlog
e:\vsroot\flamingo-master\flamingo-master\flamingoclient\catchscreen\debug\catchscreen.tlog\link.write.1.tlog
e:\vsroot\flamingo-master\flamingo-master\flamingoclient\catchscreen\debug\catchscreen.tlog\rc.command.1.tlog
e:\vsroot\flamingo-master\flamingo-master\flamingoclient\catchscreen\debug\catchscreen.tlog\rc.read.1.tlog
e:\vsroot\flamingo-master\flamingo-master\flamingoclient\catchscreen\debug\catchscreen.tlog\rc.write.1.tlog
