e:\vsroot\flamingo-master\flamingo-master\flamingoclient\source\release\flamingo.pch
e:\vsroot\flamingo-master\flamingo-master\flamingoclient\source\release\stdafx.obj
e:\vsroot\flamingo-master\flamingo-master\flamingoclient\source\release\faceseldlg.obj
e:\vsroot\flamingo-master\flamingo-master\flamingoclient\source\release\facelist.obj
e:\vsroot\flamingo-master\flamingo-master\flamingoclient\source\release\facectrl.obj
e:\vsroot\flamingo-master\flamingo-master\flamingoclient\source\release\encodeutil.obj
e:\vsroot\flamingo-master\flamingo-master\flamingoclient\source\release\criticalsection.obj
e:\vsroot\flamingo-master\flamingo-master\flamingoclient\source\release\createnewgroupdlg.obj
e:\vsroot\flamingo-master\flamingo-master\flamingoclient\source\release\crash.obj
e:\vsroot\flamingo-master\flamingo-master\flamingoclient\source\release\closepromptdlg.obj
e:\vsroot\flamingo-master\flamingo-master\flamingoclient\source\release\checknetworkstatustask.obj
e:\vsroot\flamingo-master\flamingo-master\flamingoclient\source\release\chattabmgr.obj
e:\vsroot\flamingo-master\flamingo-master\flamingoclient\source\release\chatdlgcommon.obj
e:\vsroot\flamingo-master\flamingo-master\flamingoclient\source\release\changepicheaddlg.obj
e:\vsroot\flamingo-master\flamingo-master\flamingoclient\source\release\cascadewinmanager.obj
e:\vsroot\flamingo-master\flamingo-master\flamingoclient\source\release\buffer.obj
e:\vsroot\flamingo-master\flamingo-master\flamingoclient\source\release\buddylistctrl.obj
e:\vsroot\flamingo-master\flamingo-master\flamingoclient\source\release\buddyinfofloatwnd.obj
e:\vsroot\flamingo-master\flamingo-master\flamingoclient\source\release\buddyinfodlg.obj
e:\vsroot\flamingo-master\flamingo-master\flamingoclient\source\release\buddychatdlg.obj
e:\vsroot\flamingo-master\flamingo-master\flamingoclient\source\release\addfriendconfirmdlg.obj
e:\vsroot\flamingo-master\flamingo-master\flamingoclient\source\release\aboutdlg.obj
e:\vsroot\flamingo-master\flamingo-master\flamingoclient\source\release\logindlg.obj
e:\vsroot\flamingo-master\flamingo-master\flamingoclient\source\release\loginaccountlist.obj
e:\vsroot\flamingo-master\flamingo-master\flamingoclient\source\release\json_writer.obj
e:\vsroot\flamingo-master\flamingo-master\flamingoclient\source\release\json_value.obj
e:\vsroot\flamingo-master\flamingo-master\flamingoclient\source\release\json_reader.obj
e:\vsroot\flamingo-master\flamingo-master\flamingoclient\source\release\iulog.obj
e:\vsroot\flamingo-master\flamingo-master\flamingoclient\source\release\inifile.obj
e:\vsroot\flamingo-master\flamingo-master\flamingoclient\source\release\imagetaskthread.obj
e:\vsroot\flamingo-master\flamingo-master\flamingoclient\source\release\imageex.obj
e:\vsroot\flamingo-master\flamingo-master\flamingoclient\source\release\heartbeattask.obj
e:\vsroot\flamingo-master\flamingo-master\flamingoclient\source\release\groupinfodlg.obj
e:\vsroot\flamingo-master\flamingo-master\flamingoclient\source\release\groupchatdlg.obj
e:\vsroot\flamingo-master\flamingo-master\flamingoclient\source\release\gifimage.obj
e:\vsroot\flamingo-master\flamingo-master\flamingoclient\source\release\gdifactory.obj
e:\vsroot\flamingo-master\flamingo-master\flamingoclient\source\release\fontseldlg.obj
e:\vsroot\flamingo-master\flamingo-master\flamingoclient\source\release\findfrienddlg.obj
e:\vsroot\flamingo-master\flamingo-master\flamingoclient\source\release\filetransferctrl.obj
e:\vsroot\flamingo-master\flamingo-master\flamingoclient\source\release\filetaskthread.obj
e:\vsroot\flamingo-master\flamingo-master\flamingoclient\source\release\file2.obj
e:\vsroot\flamingo-master\flamingo-master\flamingoclient\source\release\file.obj
e:\vsroot\flamingo-master\flamingo-master\flamingoclient\source\release\recentlistctrl.obj
e:\vsroot\flamingo-master\flamingo-master\flamingoclient\source\release\picbardlg.obj
e:\vsroot\flamingo-master\flamingo-master\flamingoclient\source\release\performancecounter.obj
e:\vsroot\flamingo-master\flamingo-master\flamingoclient\source\release\path.obj
e:\vsroot\flamingo-master\flamingo-master\flamingoclient\source\release\protocolstream.obj
e:\vsroot\flamingo-master\flamingo-master\flamingoclient\source\release\iusocket.obj
e:\vsroot\flamingo-master\flamingo-master\flamingoclient\source\release\iuprotocoldata.obj
e:\vsroot\flamingo-master\flamingo-master\flamingoclient\source\release\multichatmemberselectiondlg.obj
e:\vsroot\flamingo-master\flamingo-master\flamingoclient\source\release\multichatdlg.obj
e:\vsroot\flamingo-master\flamingo-master\flamingoclient\source\release\msgtipdlg.obj
e:\vsroot\flamingo-master\flamingo-master\flamingoclient\source\release\modifypassworddlg.obj
e:\vsroot\flamingo-master\flamingo-master\flamingoclient\source\release\modifymarknamedlg.obj
e:\vsroot\flamingo-master\flamingo-master\flamingoclient\source\release\mobilestatusdlg.obj
e:\vsroot\flamingo-master\flamingo-master\flamingoclient\source\release\minubuffer.obj
e:\vsroot\flamingo-master\flamingo-master\flamingoclient\source\release\messagelogger.obj
e:\vsroot\flamingo-master\flamingo-master\flamingoclient\source\release\md5sum.obj
e:\vsroot\flamingo-master\flamingo-master\flamingoclient\source\release\md5.obj
e:\vsroot\flamingo-master\flamingo-master\flamingoclient\source\release\maindlg.obj
e:\vsroot\flamingo-master\flamingo-master\flamingoclient\source\release\logonuserinfodlg.obj
e:\vsroot\flamingo-master\flamingo-master\flamingoclient\source\release\loginsettingsdlg.obj
e:\vsroot\flamingo-master\flamingo-master\flamingoclient\source\release\skinrichedit.obj
e:\vsroot\flamingo-master\flamingo-master\flamingoclient\source\release\skinpicturebox.obj
e:\vsroot\flamingo-master\flamingo-master\flamingoclient\source\release\skinmessagebox.obj
e:\vsroot\flamingo-master\flamingo-master\flamingoclient\source\release\skinmenu.obj
e:\vsroot\flamingo-master\flamingo-master\flamingoclient\source\release\skinmanager.obj
e:\vsroot\flamingo-master\flamingo-master\flamingoclient\source\release\skinlistctrl.obj
e:\vsroot\flamingo-master\flamingo-master\flamingoclient\source\release\skinhyperlink.obj
e:\vsroot\flamingo-master\flamingo-master\flamingoclient\source\release\skinedit.obj
e:\vsroot\flamingo-master\flamingo-master\flamingoclient\source\release\skindialog.obj
e:\vsroot\flamingo-master\flamingo-master\flamingoclient\source\release\skincombobox.obj
e:\vsroot\flamingo-master\flamingo-master\flamingoclient\source\release\skinbutton.obj
e:\vsroot\flamingo-master\flamingo-master\flamingoclient\source\release\sesschatdlg.obj
e:\vsroot\flamingo-master\flamingo-master\flamingoclient\source\release\sendmsgthread.obj
e:\vsroot\flamingo-master\flamingo-master\flamingoclient\source\release\richeditutil.obj
e:\vsroot\flamingo-master\flamingo-master\flamingoclient\source\release\until.obj
e:\vsroot\flamingo-master\flamingo-master\flamingoclient\source\release\screenspy.obj
e:\vsroot\flamingo-master\flamingo-master\flamingoclient\source\release\screenmanager.obj
e:\vsroot\flamingo-master\flamingo-master\flamingoclient\source\release\remotedesktopdlg.obj
e:\vsroot\flamingo-master\flamingo-master\flamingoclient\source\release\registerdialog.obj
e:\vsroot\flamingo-master\flamingo-master\flamingoclient\source\release\recvmsgthread.obj
e:\vsroot\flamingo-master\flamingo-master\flamingoclient\source\release\usermgr.obj
e:\vsroot\flamingo-master\flamingo-master\flamingoclient\source\release\flamingoclient.obj
e:\vsroot\flamingo-master\flamingo-master\flamingoclient\source\release\usersnapinfodlg.obj
e:\vsroot\flamingo-master\flamingo-master\flamingoclient\source\release\usersessiondata.obj
e:\vsroot\flamingo-master\flamingo-master\flamingoclient\source\release\userconfig.obj
e:\vsroot\flamingo-master\flamingo-master\flamingoclient\source\release\updater.obj
e:\vsroot\flamingo-master\flamingo-master\flamingoclient\source\release\updatedlg.obj
e:\vsroot\flamingo-master\flamingo-master\flamingoclient\source\release\trayicon.obj
e:\vsroot\flamingo-master\flamingo-master\flamingoclient\source\release\time.obj
e:\vsroot\flamingo-master\flamingo-master\flamingoclient\source\release\threadpool.obj
e:\vsroot\flamingo-master\flamingo-master\flamingoclient\source\release\thread.obj
e:\vsroot\flamingo-master\flamingo-master\flamingoclient\source\release\teamdlg.obj
e:\vsroot\flamingo-master\flamingo-master\flamingoclient\source\release\systemsettingdlg.obj
e:\vsroot\flamingo-master\flamingo-master\flamingoclient\source\release\startup.obj
e:\vsroot\flamingo-master\flamingo-master\flamingoclient\source\release\splitterctrl.obj
e:\vsroot\flamingo-master\flamingo-master\flamingoclient\source\release\skinwebbrowser.obj
e:\vsroot\flamingo-master\flamingo-master\flamingoclient\source\release\skintoolbar.obj
e:\vsroot\flamingo-master\flamingo-master\flamingoclient\source\release\skintabctrl.obj
e:\vsroot\flamingo-master\flamingo-master\flamingoclient\source\release\skinstatic.obj
e:\vsroot\flamingo-master\flamingo-master\flamingoclient\source\release\skinscrollbar.obj
e:\vsroot\flamingo-master\flamingo-master\flamingoclient\source\release\zlibutil.obj
e:\vsroot\flamingo-master\flamingo-master\flamingoclient\source\release\xmldocument.obj
e:\vsroot\flamingo-master\flamingo-master\flamingoclient\source\release\videorecord.obj
e:\vsroot\flamingo-master\flamingo-master\flamingoclient\source\release\utils.obj
e:\vsroot\flamingo-master\flamingo-master\flamingoclient\source\release\zutil.obj
e:\vsroot\flamingo-master\flamingo-master\flamingoclient\source\release\zlibdemo.obj
e:\vsroot\flamingo-master\flamingo-master\flamingoclient\source\release\uncompr.obj
e:\vsroot\flamingo-master\flamingo-master\flamingoclient\source\release\trees.obj
e:\vsroot\flamingo-master\flamingo-master\flamingoclient\source\release\inftrees.obj
e:\vsroot\flamingo-master\flamingo-master\flamingoclient\source\release\inflate.obj
e:\vsroot\flamingo-master\flamingo-master\flamingoclient\source\release\inffast.obj
e:\vsroot\flamingo-master\flamingo-master\flamingoclient\source\release\infback.obj
e:\vsroot\flamingo-master\flamingo-master\flamingoclient\source\release\gzwrite.obj
e:\vsroot\flamingo-master\flamingo-master\flamingoclient\source\release\gzread.obj
e:\vsroot\flamingo-master\flamingo-master\flamingoclient\source\release\gzlib.obj
e:\vsroot\flamingo-master\flamingo-master\flamingoclient\source\release\gzclose.obj
e:\vsroot\flamingo-master\flamingo-master\flamingoclient\source\release\deflate.obj
e:\vsroot\flamingo-master\flamingo-master\flamingoclient\source\release\crc32.obj
e:\vsroot\flamingo-master\flamingo-master\flamingoclient\source\release\compress.obj
e:\vsroot\flamingo-master\flamingo-master\flamingoclient\source\release\adler32.obj
e:\vsroot\flamingo-master\flamingo-master\flamingoclient\bin\flamingo.exe
e:\vsroot\flamingo-master\flamingo-master\flamingoclient\bin\flamingo.pdb
e:\vsroot\flamingo-master\flamingo-master\flamingoclient\source\release\flamingo.res
e:\vsroot\flamingo-master\flamingo-master\flamingoclient\source\release\msxml3.tli
e:\vsroot\flamingo-master\flamingo-master\flamingoclient\source\release\msxml3.tlh
e:\vsroot\flamingo-master\flamingo-master\flamingoclient\source\..\bin\flamingo.exe
e:\vsroot\flamingo-master\flamingo-master\flamingoclient\source\release\flamingo.tlog\cl.command.1.tlog
e:\vsroot\flamingo-master\flamingo-master\flamingoclient\source\release\flamingo.tlog\cl.read.1.tlog
e:\vsroot\flamingo-master\flamingo-master\flamingoclient\source\release\flamingo.tlog\cl.write.1.tlog
e:\vsroot\flamingo-master\flamingo-master\flamingoclient\source\release\flamingo.tlog\link.command.1.tlog
e:\vsroot\flamingo-master\flamingo-master\flamingoclient\source\release\flamingo.tlog\link.read.1.tlog
e:\vsroot\flamingo-master\flamingo-master\flamingoclient\source\release\flamingo.tlog\link.write.1.tlog
e:\vsroot\flamingo-master\flamingo-master\flamingoclient\source\release\flamingo.tlog\rc.command.1.tlog
e:\vsroot\flamingo-master\flamingo-master\flamingoclient\source\release\flamingo.tlog\rc.read.1.tlog
e:\vsroot\flamingo-master\flamingo-master\flamingoclient\source\release\flamingo.tlog\rc.write.1.tlog
