  AddFriendConfirmDlg.cpp
  BuddyChatDlg.cpp
  BuddyInfoDlg.cpp
  CheckNetworkStatusTask.cpp
  ClosePromptDlg.cpp
  CreateNewGroupDlg.cpp
  FileTaskThread.cpp
  FindFriendDlg.cpp
  FlamingoClient.cpp
  FontSelDlg.cpp
  GroupChatDlg.cpp
  GroupInfoDlg.cpp
  HeartbeatTask.cpp
  ImageTaskThread.cpp
  LoginDlg.cpp
E:\VSroot\flamingo-master\flamingo-master\flamingoclient\Source\LoginDlg.cpp(595,22): warning C4996: 'Json::Reader::Reader': Use CharReader and CharReaderBuilder instead
  LoginSettingsDlg.cpp
  LogonUserInfoDlg.cpp
  MainDlg.cpp
  ModifyMarkNameDlg.cpp
  ModifyPasswordDlg.cpp
  正在生成代码...
  正在编译...
  MsgTipDlg.cpp
  MultiChatDlg.cpp
  MultiChatMemberSelectionDlg.cpp
  RecvMsgThread.cpp
E:\VSroot\flamingo-master\flamingo-master\flamingoclient\Source\RecvMsgThread.cpp(466,18): warning C4996: 'Json::Reader::Reader': Use CharReader and CharReaderBuilder instead
E:\VSroot\flamingo-master\flamingo-master\flamingoclient\Source\RecvMsgThread.cpp(493,18): warning C4996: 'Json::Reader::Reader': Use CharReader and CharReaderBuilder instead
E:\VSroot\flamingo-master\flamingo-master\flamingoclient\Source\RecvMsgThread.cpp(620,160): warning C4474: sprintf_s: 格式字符串中传递的参数太多
E:\VSroot\flamingo-master\flamingo-master\flamingoclient\Source\RecvMsgThread.cpp(620,160): message : 占位符和其参数预计 1 可变参数，但提供的却是 2 参数
E:\VSroot\flamingo-master\flamingo-master\flamingoclient\Source\RecvMsgThread.cpp(583,18): warning C4996: 'Json::Reader::Reader': Use CharReader and CharReaderBuilder instead
E:\VSroot\flamingo-master\flamingo-master\flamingoclient\Source\RecvMsgThread.cpp(661,18): warning C4996: 'Json::Reader::Reader': Use CharReader and CharReaderBuilder instead
E:\VSroot\flamingo-master\flamingo-master\flamingoclient\Source\RecvMsgThread.cpp(722,18): warning C4996: 'Json::Reader::Reader': Use CharReader and CharReaderBuilder instead
E:\VSroot\flamingo-master\flamingo-master\flamingoclient\Source\RecvMsgThread.cpp(750,18): warning C4996: 'Json::Reader::Reader': Use CharReader and CharReaderBuilder instead
E:\VSroot\flamingo-master\flamingo-master\flamingoclient\Source\RecvMsgThread.cpp(800,18): warning C4996: 'Json::Reader::Reader': Use CharReader and CharReaderBuilder instead
E:\VSroot\flamingo-master\flamingo-master\flamingoclient\Source\RecvMsgThread.cpp(885,18): warning C4996: 'Json::Reader::Reader': Use CharReader and CharReaderBuilder instead
E:\VSroot\flamingo-master\flamingo-master\flamingoclient\Source\RecvMsgThread.cpp(919,18): warning C4996: 'Json::Reader::Reader': Use CharReader and CharReaderBuilder instead
E:\VSroot\flamingo-master\flamingo-master\flamingoclient\Source\RecvMsgThread.cpp(947,18): warning C4996: 'Json::Reader::Reader': Use CharReader and CharReaderBuilder instead
E:\VSroot\flamingo-master\flamingo-master\flamingoclient\Source\RecvMsgThread.cpp(1031,15): warning C4996: 'Json::Reader::Reader': Use CharReader and CharReaderBuilder instead
  RegisterDialog.cpp
E:\VSroot\flamingo-master\flamingo-master\flamingoclient\Source\RegisterDialog.cpp(129,22): warning C4996: 'Json::Reader::Reader': Use CharReader and CharReaderBuilder instead
  RemoteDesktopDlg.cpp
E:\VSroot\flamingo-master\flamingo-master\flamingoclient\Source\RemoteDesktopDlg.cpp(686,37): warning C4018: “>”: 有符号/无符号不匹配
E:\VSroot\flamingo-master\flamingo-master\flamingoclient\Source\RemoteDesktopDlg.cpp(689,38): warning C4018: “>”: 有符号/无符号不匹配
  SendMsgThread.cpp
E:\VSroot\flamingo-master\flamingo-master\flamingoclient\Source\SendMsgThread.cpp(237,22): warning C4996: 'Json::Reader::Reader': Use CharReader and CharReaderBuilder instead
  SessChatDlg.cpp
  Startup.cpp
  SystemSettingDlg.cpp
  TeamDlg.cpp
  UpdateDlg.cpp
  videoRecord.cpp
E:\VSroot\flamingo-master\flamingo-master\flamingoclient\Source\videoRecord.cpp(8,1): warning C4067: 预处理器指令后有意外标记 - 应输入换行符
  正在生成代码...
  Flamingo.vcxproj -> E:\VSroot\flamingo-master\flamingo-master\flamingoclient\Source\..\bin\Flamingo.exe
