[2020-10-16 10:58:31:0570][INFO][ThreadID: 1956][__thiscall CMainDlg::CMainDlg(void):99]new CMAINDlg
[2020-10-16 10:58:31:0773][INFO][ThreadID: 1956][int __thiscall CMainDlg::OnInitDialog(class ATL::CWindow,long):155] CMainDlg::OnInitDialog
[2020-10-16 10:58:38:0823][Error][ThreadID: 1956][bool __thiscall CIUSocket::ConnectToFileServer(int):354]Could not connect to file server:192.168.1.170, port:20001.
[2020-10-16 10:58:39:0063][Error][ThreadID: 1956][long __thiscall CFileTaskThread::DownloadFile(const char *,const wchar_t *,int,struct HWND__ *,void *):482]Failed to connect to FileServer when download file E:\VSroot\flamingo-master\flamingo-master\flamingoclient\Bin\update\update.version as unable to create the file.
[2020-10-16 10:58:39:0273][INFO][ThreadID: 13564][bool __thiscall CIUSocket::Login(const char *,const char *,int,int,int,class std::basic_string<char,struct std::char_traits<char>,class std::allocator<char> > &):1118]Request logon: Account=1801, Password=*****, Status=95877300, LoginType=1.
[2020-10-16 10:58:39:0401][INFO][ThreadID: 6112][void __thiscall CIUSocket::SendThreadProc(void):805]Recv data thread start...
[2020-10-16 10:58:39:0467][INFO][ThreadID: 1956][void __thiscall videoRecord::init(void):137]CoCreateInstance : 0
ead start...
[2020-10-16 10:58:39:0735][INFO][ThreadID: 1956][void __thiscall videoRecord::init(void):139]CoCreateInstance : 0
[2020-10-16 10:58:39:0859][INFO][ThreadID: 1956][void __thiscall videoRecord::init(void):145]GetDefaultAudioEndpoint : 0
[2020-10-16 10:58:39:0975][INFO][ThreadID: 1956][void __thiscall videoRecord::init(void):147]GetDefaultAudioEndpoint : 0
[2020-10-16 10:58:40:0077][INFO][ThreadID: 1956][void __thiscall videoRecord::init(void):151]pDevice->Activate   0
[2020-10-16 10:58:40:0178][INFO][ThreadID: 1956][void __thiscall videoRecord::init(void):153]pDevice->Activate   0
[2020-10-16 10:58:40:0735][INFO][ThreadID: 1956][void __thiscall videoRecord::init(void):179]GetBufferSize        :  48000
[2020-10-16 10:58:40:0829][INFO][ThreadID: 3804][void __thiscall videoRecord::runInLoop(void):209] videoRecord::runInLoop begin!
[2020-10-16 10:58:40:0829][INFO][ThreadID: 1512][void __thiscall CSendMsgThread::HandleUserBasicInfo(const class CUserBasicInfoRequest *):296]Request to get userinfo.
[2020-10-16 10:58:40:0944][INFO][ThreadID: 3804][void __thiscall videoRecord::runInLoop(void):216]video thread sleep
[2020-10-16 10:58:41:0044][INFO][ThreadID: 16672][int __thiscall CRecvMsgThread::HandleFriendListInfo(const class std::basic_string<char,struct std::char_traits<char>,class std::allocator<char> > &):593]Recv user basic info, info count=1:
[2020-10-16 10:58:41:0250][INFO][ThreadID: 1512][void __thiscall CSendMsgThread::HandleGroupBasicInfo(const class CGroupBasicInfoRequest *):334]Request to get group members, groupid=268435456.
[2020-10-16 10:58:41:0439][INFO][ThreadID: 16672][int __thiscall CRecvMsgThread::HandleGroupBasicInfo(const class std::basic_string<char,struct std::char_traits<char>,class std::allocator<char> > &):671]Recv group member info, groupid=268435456, info count=2:
[2020-10-16 10:58:44:0767][INFO][ThreadID: 3804][void __thiscall videoRecord::runInLoop(void):219]video thread run
[2020-10-16 10:58:44:0827][INFO][ThreadID: 1956][void __thiscall CBuddyChatDlg::OnVoiceMsg(unsigned int,int,class ATL::CWindow):1224]thread
[2020-10-16 10:58:44:0869][INFO][ThreadID: 3804][bool __thiscall videoRecord::recordOneTime(void):281]000001 # AUDCLNT_BUFFERFLAGS_DATA_DISCONTINUITY 

[2020-10-16 10:58:51:0749][INFO][ThreadID: 3804][bool __thiscall videoRecord::recordOneTime(void):352]no service  break the loop
[2020-10-16 10:58:51:0843][INFO][ThreadID: 3804][void __thiscall videoRecord::SaveWaveData(unsigned char *,unsigned int,const struct tWAVEFORMATEX *):465]Successfully wrote WAVE data to .\WAS_2020-10-16_10_58_51_840.wav

[2020-10-16 10:58:51:0962][INFO][ThreadID: 3804][void __thiscall videoRecord::SaveWaveData(unsigned char *,unsigned int,const struct tWAVEFORMATEX *):482]E:\VSroot\flamingo-master\flamingo-master\flamingoclient\Bin\.\WAS_2020-10-16_10_58_51_840.wav
[2020-10-16 10:58:52:0080][INFO][ThreadID: 3804][void __thiscall videoRecord::runInLoop(void):216]video thread sleep
[2020-10-16 10:58:54:0103][INFO][ThreadID: 1956][__thiscall CBuddyChatDlg::~CBuddyChatDlg(void):413]chat closed!
[2020-10-16 10:59:00:0703][INFO][ThreadID: 1956][void __thiscall videoRecord::reset(void):54]GetDefaultAudioEndpoint : 0
[2020-10-16 10:59:00:0811][INFO][ThreadID: 1956][void __thiscall videoRecord::reset(void):56]GetDefaultAudioEndpoint : 0
[2020-10-16 10:59:00:0918][INFO][ThreadID: 1956][void __thiscall videoRecord::reset(void):60]pDevice->Activate   0
[2020-10-16 10:59:01:0042][INFO][ThreadID: 1956][void __thiscall videoRecord::reset(void):62]pDevice->Activate   0
[2020-10-16 10:59:01:0322][INFO][ThreadID: 1956][void __thiscall videoRecord::reset(void):88]GetBufferSize        :  48000
[2020-10-16 10:59:01:0437][INFO][ThreadID: 3804][void __thiscall videoRecord::runInLoop(void):219]video thread run
[2020-10-16 10:59:01:0437][INFO][ThreadID: 1956][void __thiscall CBuddyChatDlg::OnVoiceMsg(unsigned int,int,class ATL::CWindow):1224]thread
[2020-10-16 10:59:01:0559][INFO][ThreadID: 3804][bool __thiscall videoRecord::recordOneTime(void):281]000001 # AUDCLNT_BUFFERFLAGS_DATA_DISCONTINUITY 

[2020-10-16 10:59:02:0749][INFO][ThreadID: 3804][void __thiscall videoRecord::SaveWaveData(unsigned char *,unsigned int,const struct tWAVEFORMATEX *):465]Successfully wrote WAVE data to .\WAS_2020-10-16_10_59_02_748.wav

[2020-10-16 10:59:02:0944][INFO][ThreadID: 3804][void __thiscall videoRecord::SaveWaveData(unsigned char *,unsigned int,const struct tWAVEFORMATEX *):482]E:\VSroot\flamingo-master\flamingo-master\flamingoclient\Bin\.\WAS_2020-10-16_10_59_02_748.wav
[2020-10-16 10:59:03:0045][INFO][ThreadID: 3804][void __thiscall videoRecord::runInLoop(void):216]video thread sleep
[2020-10-16 10:59:18:0294][INFO][ThreadID: 3804][void __thiscall videoRecord::runInLoop(void):219]video thread run
[2020-10-16 10:59:18:0294][INFO][ThreadID: 1956][void __thiscall CBuddyChatDlg::OnVoiceMsg(unsigned int,int,class ATL::CWindow):1224]thread
[2020-10-16 10:59:18:0387][INFO][ThreadID: 3804][bool __thiscall videoRecord::recordOneTime(void):281]000018 # AUDCLNT_BUFFERFLAGS_DATA_DISCONTINUITY 

[2020-10-16 10:59:25:0164][INFO][ThreadID: 3804][bool __thiscall videoRecord::recordOneTime(void):352]no service  break the loop
[2020-10-16 10:59:28:0365][INFO][ThreadID: 3804][void __thiscall videoRecord::SaveWaveData(unsigned char *,unsigned int,const struct tWAVEFORMATEX *):465]Successfully wrote WAVE data to .\WAS_2020-10-16_10_59_28_362.wav

[2020-10-16 10:59:28:0846][INFO][ThreadID: 3804][void __thiscall videoRecord::SaveWaveData(unsigned char *,unsigned int,const struct tWAVEFORMATEX *):482]E:\VSroot\flamingo-master\flamingo-master\flamingoclient\Bin\.\WAS_2020-10-16_10_59_28_362.wav
[2020-10-16 10:59:29:0070][INFO][ThreadID: 3804][void __thiscall videoRecord::runInLoop(void):216]video thread sleep
[2020-10-16 10:59:46:0111][INFO][ThreadID: 1956][void __thiscall videoRecord::reset(void):54]GetDefaultAudioEndpoint : 0
[2020-10-16 10:59:46:0197][INFO][ThreadID: 1956][void __thiscall videoRecord::reset(void):56]GetDefaultAudioEndpoint : 0
[2020-10-16 10:59:46:0291][INFO][ThreadID: 1956][void __thiscall videoRecord::reset(void):60]pDevice->Activate   0
[2020-10-16 10:59:46:0386][INFO][ThreadID: 1956][void __thiscall videoRecord::reset(void):62]pDevice->Activate   0
[2020-10-16 10:59:46:0652][INFO][ThreadID: 1956][void __thiscall videoRecord::reset(void):88]GetBufferSize        :  48000
[2020-10-16 10:59:49:0301][INFO][ThreadID: 1956][__thiscall CBuddyChatDlg::~CBuddyChatDlg(void):413]chat closed!
[2020-10-16 10:59:56:0559][INFO][ThreadID: 3804][void __thiscall videoRecord::runInLoop(void):219]video thread run
[2020-10-16 10:59:56:0559][INFO][ThreadID: 1956][void __thiscall CBuddyChatDlg::OnVoiceMsg(unsigned int,int,class ATL::CWindow):1224]thread
[2020-10-16 10:59:56:0660][INFO][ThreadID: 3804][bool __thiscall videoRecord::recordOneTime(void):281]000001 # AUDCLNT_BUFFERFLAGS_DATA_DISCONTINUITY 

[2020-10-16 10:59:58:0382][INFO][ThreadID: 3804][void __thiscall videoRecord::SaveWaveData(unsigned char *,unsigned int,const struct tWAVEFORMATEX *):465]Successfully wrote WAVE data to .\WAS_2020-10-16_10_59_58_381.wav

[2020-10-16 10:59:58:0461][INFO][ThreadID: 3804][void __thiscall videoRecord::SaveWaveData(unsigned char *,unsigned int,const struct tWAVEFORMATEX *):482]E:\VSroot\flamingo-master\flamingo-master\flamingoclient\Bin\.\WAS_2020-10-16_10_59_58_381.wav
[2020-10-16 10:59:58:0570][INFO][ThreadID: 3804][void __thiscall videoRecord::runInLoop(void):216]video thread sleep
[2020-10-16 11:00:02:0671][INFO][ThreadID: 1956][__thiscall CBuddyChatDlg::~CBuddyChatDlg(void):413]chat closed!
[2020-10-16 11:00:11:0484][INFO][ThreadID: 1956][__thiscall CBuddyChatDlg::~CBuddyChatDlg(void):413]chat closed!
[2020-10-16 11:02:42:0688][Error][ThreadID: 1956][void __thiscall CIUSocket::CloseFileServerConnection(void):784]Disconnect file server:192.168.1.170, port:20001.
[2020-10-16 11:02:42:0688][INFO][ThreadID: 15372][void __thiscall CIUSocket::RecvThreadProc(void):906]Recv data thread finish...
[2020-10-16 11:02:42:0878][INFO][ThreadID: 1956][void __thiscall videoRecord::quit(void):127]m_stop = true
[2020-10-16 11:02:43:0136][INFO][ThreadID: 3804][void __thiscall videoRecord::runInLoop(void):219]video thread run
[2020-10-16 11:02:43:0261][INFO][ThreadID: 3804][void __thiscall videoRecord::runInLoop(void):224] m_stop videoRecord::runInLoop exit!
[2020-10-16 11:02:43:0491][INFO][ThreadID: 1956][__thiscall videoRecord::~videoRecord(void):32]~videoRecord thread ptr: cb1460
