[2020-10-09 20:12:27:0582][INFO][ThreadID: 13268][__thiscall CMainDlg::CMainDlg(void):99]new CMAINDlg
[2020-10-09 20:12:27:0806][INFO][ThreadID: 13268][int __thiscall CMainDlg::OnInitDialog(class ATL::CWindow,long):155] CMainDlg::OnInitDialog
[2020-10-09 20:12:28:0998][INFO][ThreadID: 15664][bool __thiscall CIUSocket::Login(const char *,const char *,int,int,int,class std::basic_string<char,struct std::char_traits<char>,class std::allocator<char> > &):1118]Request logon: Account=1800, Password=*****, Status=93583540, LoginType=1.
[2020-10-09 20:12:29:0217][INFO][ThreadID: 17288][void __thiscall CIUSocket::SendThreadProc(void):805]Recv data thread start...
[2020-10-09 20:12:29:0217][INFO][ThreadID: 13792][void __thiscall CIUSocket::RecvThreadProc(void):853]Recv data thread start...
[2020-10-09 20:12:29:0389][INFO][ThreadID: 13268][void __thiscall videoRecord::init(void):87]GetBufferSize        :  48000
[2020-10-09 20:12:29:0634][INFO][ThreadID: 15264][void __thiscall videoRecord::runInLoop(void):113] videoRecord::runInLoop begin!
[2020-10-09 20:12:29:0634][INFO][ThreadID: 14836][void __thiscall CSendMsgThread::HandleUserBasicInfo(const class CUserBasicInfoRequest *):296]Request to get userinfo.
[2020-10-09 20:12:30:0287][INFO][ThreadID: 15264][void __thiscall videoRecord::runInLoop(void):118]video thread sleep
[2020-10-09 20:12:30:0390][INFO][ThreadID: 17308][int __thiscall CRecvMsgThread::HandleFriendListInfo(const class std::basic_string<char,struct std::char_traits<char>,class std::allocator<char> > &):593]Recv user basic info, info count=1:
[2020-10-09 20:12:37:0244][INFO][ThreadID: 13268][int __thiscall videoRecord::changeState(int):53]stillPlaying 0 ,threadid:13268
[2020-10-09 20:12:37:0343][INFO][ThreadID: 15264][void __thiscall videoRecord::runInLoop(void):121]video thread run
[2020-10-09 20:12:37:0373][INFO][ThreadID: 13268][void __thiscall CBuddyChatDlg::OnVoiceMsg(unsigned int,int,class ATL::CWindow):1269]thread
[2020-10-09 20:12:37:0435][INFO][ThreadID: 15264][bool __thiscall videoRecord::recordOneTime(void):130]
Audio Capture begin...


[2020-10-09 20:12:38:0252][INFO][ThreadID: 15264][bool __thiscall videoRecord::recordOneTime(void):178]000001 # AUDCLNT_BUFFERFLAGS_DATA_DISCONTINUITY 

[2020-10-09 20:12:39:0270][INFO][ThreadID: 13268][int __thiscall videoRecord::changeState(int):53]stillPlaying 1 ,threadid:13268
[2020-10-09 20:12:39:0384][INFO][ThreadID: 15264][void __thiscall videoRecord::SaveWaveData(unsigned char *,unsigned int,const struct tWAVEFORMATEX *):355]Successfully wrote WAVE data to .\WAS_2020-10-09_20_12_39_383.wav

[2020-10-09 20:12:39:0485][INFO][ThreadID: 15264][void __thiscall videoRecord::SaveWaveData(unsigned char *,unsigned int,const struct tWAVEFORMATEX *):372]E:\VSroot\flamingo-master\flamingo-master\flamingoclient\Bin\.\WAS_2020-10-09_20_12_39_383.wav
[2020-10-09 20:12:39:0585][INFO][ThreadID: 15264][bool __thiscall videoRecord::recordOneTime(void):264]
Audio Capture Done.

[2020-10-09 20:12:39:0683][INFO][ThreadID: 15264][void __thiscall videoRecord::runInLoop(void):118]video thread sleep
[2020-10-09 20:12:41:0917][INFO][ThreadID: 13268][int __thiscall videoRecord::changeState(int):53]stillPlaying 0 ,threadid:13268
[2020-10-09 20:12:42:0220][INFO][ThreadID: 15264][void __thiscall videoRecord::runInLoop(void):121]video thread run
[2020-10-09 20:12:42:0221][INFO][ThreadID: 13268][void __thiscall CBuddyChatDlg::OnVoiceMsg(unsigned int,int,class ATL::CWindow):1269]thread
[2020-10-09 20:12:42:0328][INFO][ThreadID: 15264][bool __thiscall videoRecord::recordOneTime(void):130]
Audio Capture begin...


[2020-10-09 20:12:42:0699][INFO][ThreadID: 15264][bool __thiscall videoRecord::recordOneTime(void):178]000018 # AUDCLNT_BUFFERFLAGS_DATA_DISCONTINUITY 

[2020-10-09 20:12:43:0957][INFO][ThreadID: 13268][int __thiscall videoRecord::changeState(int):53]stillPlaying 1 ,threadid:13268
[2020-10-09 20:12:44:0048][INFO][ThreadID: 15264][void __thiscall videoRecord::SaveWaveData(unsigned char *,unsigned int,const struct tWAVEFORMATEX *):355]Successfully wrote WAVE data to .\WAS_2020-10-09_20_12_44_47.wav

[2020-10-09 20:12:44:0171][INFO][ThreadID: 15264][void __thiscall videoRecord::SaveWaveData(unsigned char *,unsigned int,const struct tWAVEFORMATEX *):372]E:\VSroot\flamingo-master\flamingo-master\flamingoclient\Bin\.\WAS_2020-10-09_20_12_44_47.wav
[2020-10-09 20:12:44:0265][INFO][ThreadID: 15264][bool __thiscall videoRecord::recordOneTime(void):264]
Audio Capture Done.

[2020-10-09 20:12:44:0374][INFO][ThreadID: 15264][void __thiscall videoRecord::runInLoop(void):118]video thread sleep
[2020-10-09 20:12:47:0285][INFO][ThreadID: 13268][int __thiscall videoRecord::changeState(int):53]stillPlaying 0 ,threadid:13268
[2020-10-09 20:12:47:0371][INFO][ThreadID: 15264][void __thiscall videoRecord::runInLoop(void):121]video thread run
[2020-10-09 20:12:47:0371][INFO][ThreadID: 13268][void __thiscall CBuddyChatDlg::OnVoiceMsg(unsigned int,int,class ATL::CWindow):1269]thread
[2020-10-09 20:12:47:0487][INFO][ThreadID: 15264][bool __thiscall videoRecord::recordOneTime(void):130]
Audio Capture begin...


[2020-10-09 20:12:47:0704][INFO][ThreadID: 15264][bool __thiscall videoRecord::recordOneTime(void):178]000019 # AUDCLNT_BUFFERFLAGS_DATA_DISCONTINUITY 

[2020-10-09 20:12:48:0532][INFO][ThreadID: 13268][int __thiscall videoRecord::changeState(int):53]stillPlaying 1 ,threadid:13268
[2020-10-09 20:12:50:0132][INFO][ThreadID: 13268][int __thiscall videoRecord::changeState(int):53]stillPlaying 1 ,threadid:13268
[2020-10-09 20:12:50:0701][INFO][ThreadID: 13268][int __thiscall videoRecord::changeState(int):53]stillPlaying 1 ,threadid:13268
[2020-10-09 20:12:51:0869][INFO][ThreadID: 13268][int __thiscall videoRecord::changeState(int):53]stillPlaying 1 ,threadid:13268
[2020-10-09 20:12:52:0052][INFO][ThreadID: 13268][int __thiscall videoRecord::changeState(int):53]stillPlaying 1 ,threadid:13268
[2020-10-09 20:12:53:0069][INFO][ThreadID: 13268][int __thiscall videoRecord::changeState(int):53]stillPlaying 1 ,threadid:13268
[2020-10-09 20:12:54:0541][INFO][ThreadID: 13268][int __thiscall videoRecord::changeState(int):53]stillPlaying 1 ,threadid:13268
[2020-10-09 20:12:54:0639][INFO][ThreadID: 15264][void __thiscall videoRecord::SaveWaveData(unsigned char *,unsigned int,const struct tWAVEFORMATEX *):355]Successfully wrote WAVE data to .\WAS_2020-10-09_20_12_54_636.wav

[2020-10-09 20:12:54:0729][INFO][ThreadID: 15264][void __thiscall videoRecord::SaveWaveData(unsigned char *,unsigned int,const struct tWAVEFORMATEX *):372]E:\VSroot\flamingo-master\flamingo-master\flamingoclient\Bin\.\WAS_2020-10-09_20_12_54_636.wav
[2020-10-09 20:12:54:0843][INFO][ThreadID: 15264][bool __thiscall videoRecord::recordOneTime(void):264]
Audio Capture Done.

[2020-10-09 20:12:54:0935][INFO][ThreadID: 15264][void __thiscall videoRecord::runInLoop(void):118]video thread sleep
[2020-10-09 20:12:56:0607][INFO][ThreadID: 13268][int __thiscall videoRecord::changeState(int):53]stillPlaying 0 ,threadid:13268
[2020-10-09 20:12:56:0696][INFO][ThreadID: 15264][void __thiscall videoRecord::runInLoop(void):121]video thread run
[2020-10-09 20:12:56:0697][INFO][ThreadID: 13268][void __thiscall CBuddyChatDlg::OnVoiceMsg(unsigned int,int,class ATL::CWindow):1269]thread
[2020-10-09 20:12:56:0801][INFO][ThreadID: 15264][bool __thiscall videoRecord::recordOneTime(void):130]
Audio Capture begin...


[2020-10-09 20:12:57:0034][INFO][ThreadID: 15264][bool __thiscall videoRecord::recordOneTime(void):178]000018 # AUDCLNT_BUFFERFLAGS_DATA_DISCONTINUITY 

[2020-10-09 20:12:58:0244][INFO][ThreadID: 13268][int __thiscall videoRecord::changeState(int):53]stillPlaying 1 ,threadid:13268
[2020-10-09 20:12:59:0900][INFO][ThreadID: 13268][int __thiscall videoRecord::changeState(int):53]stillPlaying 1 ,threadid:13268
[2020-10-09 20:12:59:0991][INFO][ThreadID: 15264][void __thiscall videoRecord::SaveWaveData(unsigned char *,unsigned int,const struct tWAVEFORMATEX *):355]Successfully wrote WAVE data to .\WAS_2020-10-09_20_12_59_990.wav

[2020-10-09 20:13:00:0079][INFO][ThreadID: 15264][void __thiscall videoRecord::SaveWaveData(unsigned char *,unsigned int,const struct tWAVEFORMATEX *):372]E:\VSroot\flamingo-master\flamingo-master\flamingoclient\Bin\.\WAS_2020-10-09_20_12_59_990.wav
[2020-10-09 20:13:00:0180][INFO][ThreadID: 15264][bool __thiscall videoRecord::recordOneTime(void):264]
Audio Capture Done.

[2020-10-09 20:13:00:0269][INFO][ThreadID: 15264][void __thiscall videoRecord::runInLoop(void):118]video thread sleep
[2020-10-09 20:14:29:0787][INFO][ThreadID: 14836][int __thiscall CSendMsgThread::ProcessBuddyMsg(class CBuddyMessage *):1504]Send chat msg: msgID=0, senderId=1, targetId=2.
[2020-10-09 20:14:37:0551][INFO][ThreadID: 14836][int __thiscall CSendMsgThread::ProcessBuddyMsg(class CBuddyMessage *):1504]Send chat msg: msgID=0, senderId=1, targetId=2.
[2020-10-09 20:14:49:0239][INFO][ThreadID: 14836][int __thiscall CSendMsgThread::ProcessBuddyMsg(class CBuddyMessage *):1504]Send chat msg: msgID=0, senderId=1, targetId=2.
[2020-10-09 20:16:09:0636][INFO][ThreadID: 14836][int __thiscall CSendMsgThread::ProcessBuddyMsg(class CBuddyMessage *):1504]Send chat msg: msgID=0, senderId=1, targetId=3.
[2020-10-09 20:16:20:0554][INFO][ThreadID: 14836][int __thiscall CSendMsgThread::ProcessBuddyMsg(class CBuddyMessage *):1504]Send chat msg: msgID=0, senderId=1, targetId=2.
[2020-10-09 20:17:27:0139][INFO][ThreadID: 14836][int __thiscall CSendMsgThread::ProcessBuddyMsg(class CBuddyMessage *):1504]Send chat msg: msgID=0, senderId=1, targetId=2.
[2020-10-09 20:17:36:0809][INFO][ThreadID: 14836][int __thiscall CSendMsgThread::ProcessBuddyMsg(class CBuddyMessage *):1504]Send chat msg: msgID=0, senderId=1, targetId=3.
[2020-10-09 20:18:11:0406][INFO][ThreadID: 14836][int __thiscall CSendMsgThread::ProcessBuddyMsg(class CBuddyMessage *):1504]Send chat msg: msgID=0, senderId=1, targetId=3.
[2020-10-09 20:18:19:0196][INFO][ThreadID: 14836][int __thiscall CSendMsgThread::ProcessBuddyMsg(class CBuddyMessage *):1504]Send chat msg: msgID=0, senderId=1, targetId=2.
[2020-10-09 20:18:39:0183][INFO][ThreadID: 13792][void __thiscall CIUSocket::RecvThreadProc(void):906]Recv data thread finish...
