e:\vsroot\flamingo-master\flamingo-master\flamingoclient\source\debug\flamingo.pch
e:\vsroot\flamingo-master\flamingo-master\flamingoclient\source\debug\vc142.pdb
e:\vsroot\flamingo-master\flamingo-master\flamingoclient\source\debug\stdafx.obj
e:\vsroot\flamingo-master\flamingo-master\flamingoclient\source\debug\faceseldlg.obj
e:\vsroot\flamingo-master\flamingo-master\flamingoclient\source\debug\facelist.obj
e:\vsroot\flamingo-master\flamingo-master\flamingoclient\source\debug\facectrl.obj
e:\vsroot\flamingo-master\flamingo-master\flamingoclient\source\debug\encodeutil.obj
e:\vsroot\flamingo-master\flamingo-master\flamingoclient\source\debug\criticalsection.obj
e:\vsroot\flamingo-master\flamingo-master\flamingoclient\source\debug\createnewgroupdlg.obj
e:\vsroot\flamingo-master\flamingo-master\flamingoclient\source\debug\crash.obj
e:\vsroot\flamingo-master\flamingo-master\flamingoclient\source\debug\closepromptdlg.obj
e:\vsroot\flamingo-master\flamingo-master\flamingoclient\source\debug\checknetworkstatustask.obj
e:\vsroot\flamingo-master\flamingo-master\flamingoclient\source\debug\chattabmgr.obj
e:\vsroot\flamingo-master\flamingo-master\flamingoclient\source\debug\chatdlgcommon.obj
e:\vsroot\flamingo-master\flamingo-master\flamingoclient\source\debug\changepicheaddlg.obj
e:\vsroot\flamingo-master\flamingo-master\flamingoclient\source\debug\cascadewinmanager.obj
e:\vsroot\flamingo-master\flamingo-master\flamingoclient\source\debug\buffer.obj
e:\vsroot\flamingo-master\flamingo-master\flamingoclient\source\debug\buddylistctrl.obj
e:\vsroot\flamingo-master\flamingo-master\flamingoclient\source\debug\buddyinfofloatwnd.obj
e:\vsroot\flamingo-master\flamingo-master\flamingoclient\source\debug\buddyinfodlg.obj
e:\vsroot\flamingo-master\flamingo-master\flamingoclient\source\debug\buddychatdlg.obj
e:\vsroot\flamingo-master\flamingo-master\flamingoclient\source\debug\addfriendconfirmdlg.obj
e:\vsroot\flamingo-master\flamingo-master\flamingoclient\source\debug\aboutdlg.obj
e:\vsroot\flamingo-master\flamingo-master\flamingoclient\source\debug\logindlg.obj
e:\vsroot\flamingo-master\flamingo-master\flamingoclient\source\debug\loginaccountlist.obj
e:\vsroot\flamingo-master\flamingo-master\flamingoclient\source\debug\json_writer.obj
e:\vsroot\flamingo-master\flamingo-master\flamingoclient\source\debug\json_value.obj
e:\vsroot\flamingo-master\flamingo-master\flamingoclient\source\debug\json_reader.obj
e:\vsroot\flamingo-master\flamingo-master\flamingoclient\source\debug\iulog.obj
e:\vsroot\flamingo-master\flamingo-master\flamingoclient\source\debug\inifile.obj
e:\vsroot\flamingo-master\flamingo-master\flamingoclient\source\debug\imagetaskthread.obj
e:\vsroot\flamingo-master\flamingo-master\flamingoclient\source\debug\imageex.obj
e:\vsroot\flamingo-master\flamingo-master\flamingoclient\source\debug\heartbeattask.obj
e:\vsroot\flamingo-master\flamingo-master\flamingoclient\source\debug\groupinfodlg.obj
e:\vsroot\flamingo-master\flamingo-master\flamingoclient\source\debug\groupchatdlg.obj
e:\vsroot\flamingo-master\flamingo-master\flamingoclient\source\debug\gifimage.obj
e:\vsroot\flamingo-master\flamingo-master\flamingoclient\source\debug\gdifactory.obj
e:\vsroot\flamingo-master\flamingo-master\flamingoclient\source\debug\fontseldlg.obj
e:\vsroot\flamingo-master\flamingo-master\flamingoclient\source\debug\findfrienddlg.obj
e:\vsroot\flamingo-master\flamingo-master\flamingoclient\source\debug\filetransferctrl.obj
e:\vsroot\flamingo-master\flamingo-master\flamingoclient\source\debug\filetaskthread.obj
e:\vsroot\flamingo-master\flamingo-master\flamingoclient\source\debug\file2.obj
e:\vsroot\flamingo-master\flamingo-master\flamingoclient\source\debug\file.obj
e:\vsroot\flamingo-master\flamingo-master\flamingoclient\source\debug\recentlistctrl.obj
e:\vsroot\flamingo-master\flamingo-master\flamingoclient\source\debug\picbardlg.obj
e:\vsroot\flamingo-master\flamingo-master\flamingoclient\source\debug\performancecounter.obj
e:\vsroot\flamingo-master\flamingo-master\flamingoclient\source\debug\path.obj
e:\vsroot\flamingo-master\flamingo-master\flamingoclient\source\debug\protocolstream.obj
e:\vsroot\flamingo-master\flamingo-master\flamingoclient\source\debug\iusocket.obj
e:\vsroot\flamingo-master\flamingo-master\flamingoclient\source\debug\iuprotocoldata.obj
e:\vsroot\flamingo-master\flamingo-master\flamingoclient\source\debug\multichatmemberselectiondlg.obj
e:\vsroot\flamingo-master\flamingo-master\flamingoclient\source\debug\multichatdlg.obj
e:\vsroot\flamingo-master\flamingo-master\flamingoclient\source\debug\msgtipdlg.obj
e:\vsroot\flamingo-master\flamingo-master\flamingoclient\source\debug\modifypassworddlg.obj
e:\vsroot\flamingo-master\flamingo-master\flamingoclient\source\debug\modifymarknamedlg.obj
e:\vsroot\flamingo-master\flamingo-master\flamingoclient\source\debug\mobilestatusdlg.obj
e:\vsroot\flamingo-master\flamingo-master\flamingoclient\source\debug\minubuffer.obj
e:\vsroot\flamingo-master\flamingo-master\flamingoclient\source\debug\messagelogger.obj
e:\vsroot\flamingo-master\flamingo-master\flamingoclient\source\debug\md5sum.obj
e:\vsroot\flamingo-master\flamingo-master\flamingoclient\source\debug\md5.obj
e:\vsroot\flamingo-master\flamingo-master\flamingoclient\source\debug\maindlg.obj
e:\vsroot\flamingo-master\flamingo-master\flamingoclient\source\debug\logonuserinfodlg.obj
e:\vsroot\flamingo-master\flamingo-master\flamingoclient\source\debug\loginsettingsdlg.obj
e:\vsroot\flamingo-master\flamingo-master\flamingoclient\source\debug\skinrichedit.obj
e:\vsroot\flamingo-master\flamingo-master\flamingoclient\source\debug\skinpicturebox.obj
e:\vsroot\flamingo-master\flamingo-master\flamingoclient\source\debug\skinmessagebox.obj
e:\vsroot\flamingo-master\flamingo-master\flamingoclient\source\debug\skinmenu.obj
e:\vsroot\flamingo-master\flamingo-master\flamingoclient\source\debug\skinmanager.obj
e:\vsroot\flamingo-master\flamingo-master\flamingoclient\source\debug\skinlistctrl.obj
e:\vsroot\flamingo-master\flamingo-master\flamingoclient\source\debug\skinhyperlink.obj
e:\vsroot\flamingo-master\flamingo-master\flamingoclient\source\debug\skinedit.obj
e:\vsroot\flamingo-master\flamingo-master\flamingoclient\source\debug\skindialog.obj
e:\vsroot\flamingo-master\flamingo-master\flamingoclient\source\debug\skincombobox.obj
e:\vsroot\flamingo-master\flamingo-master\flamingoclient\source\debug\skinbutton.obj
e:\vsroot\flamingo-master\flamingo-master\flamingoclient\source\debug\sesschatdlg.obj
e:\vsroot\flamingo-master\flamingo-master\flamingoclient\source\debug\sendmsgthread.obj
e:\vsroot\flamingo-master\flamingo-master\flamingoclient\source\debug\richeditutil.obj
e:\vsroot\flamingo-master\flamingo-master\flamingoclient\source\debug\until.obj
e:\vsroot\flamingo-master\flamingo-master\flamingoclient\source\debug\screenspy.obj
e:\vsroot\flamingo-master\flamingo-master\flamingoclient\source\debug\screenmanager.obj
e:\vsroot\flamingo-master\flamingo-master\flamingoclient\source\debug\remotedesktopdlg.obj
e:\vsroot\flamingo-master\flamingo-master\flamingoclient\source\debug\registerdialog.obj
e:\vsroot\flamingo-master\flamingo-master\flamingoclient\source\debug\recvmsgthread.obj
e:\vsroot\flamingo-master\flamingo-master\flamingoclient\source\debug\usermgr.obj
e:\vsroot\flamingo-master\flamingo-master\flamingoclient\source\debug\flamingoclient.obj
e:\vsroot\flamingo-master\flamingo-master\flamingoclient\source\debug\usersnapinfodlg.obj
e:\vsroot\flamingo-master\flamingo-master\flamingoclient\source\debug\usersessiondata.obj
e:\vsroot\flamingo-master\flamingo-master\flamingoclient\source\debug\userconfig.obj
e:\vsroot\flamingo-master\flamingo-master\flamingoclient\source\debug\updater.obj
e:\vsroot\flamingo-master\flamingo-master\flamingoclient\source\debug\updatedlg.obj
e:\vsroot\flamingo-master\flamingo-master\flamingoclient\source\debug\trayicon.obj
e:\vsroot\flamingo-master\flamingo-master\flamingoclient\source\debug\time.obj
e:\vsroot\flamingo-master\flamingo-master\flamingoclient\source\debug\threadpool.obj
e:\vsroot\flamingo-master\flamingo-master\flamingoclient\source\debug\thread.obj
e:\vsroot\flamingo-master\flamingo-master\flamingoclient\source\debug\teamdlg.obj
e:\vsroot\flamingo-master\flamingo-master\flamingoclient\source\debug\systemsettingdlg.obj
e:\vsroot\flamingo-master\flamingo-master\flamingoclient\source\debug\startup.obj
e:\vsroot\flamingo-master\flamingo-master\flamingoclient\source\debug\splitterctrl.obj
e:\vsroot\flamingo-master\flamingo-master\flamingoclient\source\debug\skinwebbrowser.obj
e:\vsroot\flamingo-master\flamingo-master\flamingoclient\source\debug\skintoolbar.obj
e:\vsroot\flamingo-master\flamingo-master\flamingoclient\source\debug\skintabctrl.obj
e:\vsroot\flamingo-master\flamingo-master\flamingoclient\source\debug\skinstatic.obj
e:\vsroot\flamingo-master\flamingo-master\flamingoclient\source\debug\skinscrollbar.obj
e:\vsroot\flamingo-master\flamingo-master\flamingoclient\source\debug\zlibutil.obj
e:\vsroot\flamingo-master\flamingo-master\flamingoclient\source\debug\xmldocument.obj
e:\vsroot\flamingo-master\flamingo-master\flamingoclient\source\debug\utils.obj
e:\vsroot\flamingo-master\flamingo-master\flamingoclient\source\debug\zutil.obj
e:\vsroot\flamingo-master\flamingo-master\flamingoclient\source\debug\zlibdemo.obj
e:\vsroot\flamingo-master\flamingo-master\flamingoclient\source\debug\uncompr.obj
e:\vsroot\flamingo-master\flamingo-master\flamingoclient\source\debug\trees.obj
e:\vsroot\flamingo-master\flamingo-master\flamingoclient\source\debug\inftrees.obj
e:\vsroot\flamingo-master\flamingo-master\flamingoclient\source\debug\inflate.obj
e:\vsroot\flamingo-master\flamingo-master\flamingoclient\source\debug\inffast.obj
e:\vsroot\flamingo-master\flamingo-master\flamingoclient\source\debug\infback.obj
e:\vsroot\flamingo-master\flamingo-master\flamingoclient\source\debug\gzwrite.obj
e:\vsroot\flamingo-master\flamingo-master\flamingoclient\source\debug\gzread.obj
e:\vsroot\flamingo-master\flamingo-master\flamingoclient\source\debug\gzlib.obj
e:\vsroot\flamingo-master\flamingo-master\flamingoclient\source\debug\gzclose.obj
e:\vsroot\flamingo-master\flamingo-master\flamingoclient\source\debug\deflate.obj
e:\vsroot\flamingo-master\flamingo-master\flamingoclient\source\debug\crc32.obj
e:\vsroot\flamingo-master\flamingo-master\flamingoclient\source\debug\compress.obj
e:\vsroot\flamingo-master\flamingo-master\flamingoclient\source\debug\adler32.obj
e:\vsroot\flamingo-master\flamingo-master\flamingoclient\bin\flamingo.exe
e:\vsroot\flamingo-master\flamingo-master\flamingoclient\bin\flamingo.ilk
e:\vsroot\flamingo-master\flamingo-master\flamingoclient\bin\flamingo.pdb
e:\vsroot\flamingo-master\flamingo-master\flamingoclient\source\debug\flamingo.res
e:\vsroot\flamingo-master\flamingo-master\flamingoclient\source\debug\msxml3.tli
e:\vsroot\flamingo-master\flamingo-master\flamingoclient\source\debug\msxml3.tlh
e:\vsroot\flamingo-master\flamingo-master\flamingoclient\source\..\bin\flamingo.exe
e:\vsroot\flamingo-master\flamingo-master\flamingoclient\source\debug\flamingo.tlog\cl.command.1.tlog
e:\vsroot\flamingo-master\flamingo-master\flamingoclient\source\debug\flamingo.tlog\cl.read.1.tlog
e:\vsroot\flamingo-master\flamingo-master\flamingoclient\source\debug\flamingo.tlog\cl.write.1.tlog
e:\vsroot\flamingo-master\flamingo-master\flamingoclient\source\debug\flamingo.tlog\link.command.1.tlog
e:\vsroot\flamingo-master\flamingo-master\flamingoclient\source\debug\flamingo.tlog\link.read.1.tlog
e:\vsroot\flamingo-master\flamingo-master\flamingoclient\source\debug\flamingo.tlog\link.write.1.tlog
e:\vsroot\flamingo-master\flamingo-master\flamingoclient\source\debug\flamingo.tlog\rc.command.1.tlog
e:\vsroot\flamingo-master\flamingo-master\flamingoclient\source\debug\flamingo.tlog\rc.read.1.tlog
e:\vsroot\flamingo-master\flamingo-master\flamingoclient\source\debug\flamingo.tlog\rc.write.1.tlog
